<?xml version='1.0' encoding='UTF-8'?>
<testsuite hostname="tsf-484-wpa-1-050.epfl.ch" name="objsets.TweetSetSuite" tests="7" errors="0" failures="0" skipped="0" time="0.462" timestamp="2018-10-07T22:32:39">
                     <properties>
[...]
</properties>
                     <testcase classname="objsets.TweetSetSuite" name="filter: a on set5" time="0.444">
                                                 
                                               </testcase><testcase classname="objsets.TweetSetSuite" name="filter: on empty set" time="0.003">
                                                 
                                               </testcase><testcase classname="objsets.TweetSetSuite" name="descending: set5" time="0.003">
                                                 
                                               </testcase><testcase classname="objsets.TweetSetSuite" name="union: set4c and set4d" time="0.005">
                                                 
                                               </testcase><testcase classname="objsets.TweetSetSuite" name="union: with empty set1" time="0.002">
                                                 
                                               </testcase><testcase classname="objsets.TweetSetSuite" name="union: with empty set2" time="0.002">
                                                 
                                               </testcase><testcase classname="objsets.TweetSetSuite" name="filter: twenty on set5" time="0.003">
                                                 
                                               </testcase>
                     <system-out><![CDATA[]]></system-out>
                     <system-err><![CDATA[]]></system-err>
                   </testsuite>